<?xml version="1.0" encoding="UTF-8"?>
<!-- Generated by org.testng.reporters.JUnitReportReporter -->
<testsuite hostname="DESKTOP-DILHVN5" failures="0" tests="3" name="PageObjectModel.LoginPageTest" time="72.822" errors="0" timestamp="2024-09-19T17:54:35 IST" skipped="0">
  <testcase classname="PageObjectModel.LoginPageTest" name="validateUrl" time="6.223"/>
  <testcase classname="PageObjectModel.LoginPageTest" name="validateTitle" time="8.092"/>
  <testcase classname="PageObjectModel.LoginPageTest" name="validateLogin" time="58.507"/>
</testsuite> <!-- PageObjectModel.LoginPageTest -->
